jumpboxLibrary/build/outputs/logs/manifest-merger-debug-report.txt
-- Merging decision tree log ---
manifest
ADDED from BangBanJinRong\jumpboxLibrary\AndroidManifest.xml:2:1-17:12
INJECTED from BangBanJinRong\jumpboxLibrary\AndroidManifest.xml:2:1-17:12
INJECTED from BangBanJinRong\jumpboxLibrary\AndroidManifest.xml:2:1-17:12
INJECTED from BangBanJinRong\jumpboxLibrary\AndroidManifest.xml:2:1-17:12
INJECTED from BangBanJinRong\jumpboxLibrary\AndroidManifest.xml:2:1-17:12
INJECTED from BangBanJinRong\jumpboxLibrary\AndroidManifest.xml:2:1-17:12
INJECTED from BangBanJinRong\jumpboxLibrary\AndroidManifest.xml:2:1-17:12
	package
		ADDED from BangBanJinRong\jumpboxLibrary\AndroidManifest.xml:3:5-41
		INJECTED from BangBanJinRong\jumpboxLibrary\AndroidManifest.xml
		INJECTED from BangBanJinRong\jumpboxLibrary\AndroidManifest.xml
	android:versionName
		ADDED from BangBanJinRong\jumpboxLibrary\AndroidManifest.xml:5:5-30
		INJECTED from BangBanJinRong\jumpboxLibrary\AndroidManifest.xml
		INJECTED from BangBanJinRong\jumpboxLibrary\AndroidManifest.xml
	xmlns:android
		ADDED from BangBanJinRong\jumpboxLibrary\AndroidManifest.xml:2:11-69
	android:versionCode
		ADDED from BangBanJinRong\jumpboxLibrary\AndroidManifest.xml:4:5-28
		INJECTED from BangBanJinRong\jumpboxLibrary\AndroidManifest.xml
		INJECTED from BangBanJinRong\jumpboxLibrary\AndroidManifest.xml
uses-sdk
ADDED from BangBanJinRong\jumpboxLibrary\AndroidManifest.xml:7:5-9:41
	android:targetSdkVersion
		ADDED from BangBanJinRong\jumpboxLibrary\AndroidManifest.xml:9:9-38
	android:minSdkVersion
		ADDED from BangBanJinRong\jumpboxLibrary\AndroidManifest.xml:8:9-35